c:\work\test\addresbook\addresbook\generatedfiles\debug\moc_addresbook.cpp
c:\work\test\addresbook\addresbook\generatedfiles\debug\moc_mymodel.cpp
c:\work\test\addresbook\addresbook\generatedfiles\qrc_addresbook.cpp
c:\work\test\addresbook\addresbook\generatedfiles\ui_addresbook.h
c:\work\test\addresbook\addresbook\debug\moc_addresbook.obj
c:\work\test\addresbook\addresbook\debug\qrc_addresbook.obj
c:\work\test\addresbook\addresbook\debug\addresbook.obj
c:\work\test\addresbook\addresbook\debug\main.obj
c:\work\test\addresbook\addresbook\debug\vc141.pdb
c:\work\test\addresbook\addresbook\debug\moc_mymodel.obj
c:\work\test\addresbook\win32\debug\addresbook.exe
c:\work\test\addresbook\win32\debug\addresbook.ilk
c:\work\test\addresbook\win32\debug\addresbook.pdb
c:\work\test\addresbook\addresbook\debug\mymodel.obj
c:\work\test\addresbook\addresbook\debug\addresbook.tlog\addresbook.write.1u.tlog
c:\work\test\addresbook\addresbook\debug\addresbook.tlog\cl.10004.write.1.tlog
c:\work\test\addresbook\addresbook\debug\addresbook.tlog\cl.command.1.tlog
c:\work\test\addresbook\addresbook\debug\addresbook.tlog\cl.read.1.tlog
c:\work\test\addresbook\addresbook\debug\addresbook.tlog\link.command.1.tlog
c:\work\test\addresbook\addresbook\debug\addresbook.tlog\link.read.1.tlog
c:\work\test\addresbook\addresbook\debug\addresbook.tlog\link.write.1.tlog
